<?xml version="1.0" encoding="UTF-8"?>
<coverage generated="1668198246063" clover="3.2.0">
  <project timestamp="1668198246064" name="All files">
    <metrics statements="181" coveredstatements="164" conditionals="41" coveredconditionals="36" methods="54" coveredmethods="50" elements="276" coveredelements="250" complexity="0" loc="181" ncloc="181" packages="3" files="12" classes="12"/>
    <package name="src">
      <metrics statements="2" coveredstatements="2" conditionals="0" coveredconditionals="0" methods="2" coveredmethods="2"/>
      <file name="App.js" path="/home/erick/Documentos/Trybe Projetos/Front-end/sd-025-a-project-trivia-react-redux/src/App.js">
        <metrics statements="1" coveredstatements="1" conditionals="0" coveredconditionals="0" methods="1" coveredmethods="1"/>
        <line num="5" count="13" type="stmt"/>
      </file>
      <file name="Routes.js" path="/home/erick/Documentos/Trybe Projetos/Front-end/sd-025-a-project-trivia-react-redux/src/Routes.js">
        <metrics statements="1" coveredstatements="1" conditionals="0" coveredconditionals="0" methods="1" coveredmethods="1"/>
        <line num="12" count="10" type="stmt"/>
      </file>
    </package>
    <package name="src.components">
      <metrics statements="85" coveredstatements="83" conditionals="24" coveredconditionals="23" methods="26" coveredmethods="25"/>
      <file name="ButtonSettings.jsx" path="/home/erick/Documentos/Trybe Projetos/Front-end/sd-025-a-project-trivia-react-redux/src/components/ButtonSettings.jsx">
        <metrics statements="5" coveredstatements="5" conditionals="0" coveredconditionals="0" methods="2" coveredmethods="2"/>
        <line num="5" count="13" type="stmt"/>
        <line num="6" count="1" type="stmt"/>
        <line num="7" count="1" type="stmt"/>
        <line num="11" count="91" type="stmt"/>
        <line num="23" count="5" type="stmt"/>
      </file>
      <file name="CategoryOptions.jsx" path="/home/erick/Documentos/Trybe Projetos/Front-end/sd-025-a-project-trivia-react-redux/src/components/CategoryOptions.jsx">
        <metrics statements="3" coveredstatements="1" conditionals="0" coveredconditionals="0" methods="1" coveredmethods="0"/>
        <line num="6" count="0" type="stmt"/>
        <line num="7" count="0" type="stmt"/>
        <line num="15" count="5" type="stmt"/>
      </file>
      <file name="Header.jsx" path="/home/erick/Documentos/Trybe Projetos/Front-end/sd-025-a-project-trivia-react-redux/src/components/Header.jsx">
        <metrics statements="14" coveredstatements="14" conditionals="0" coveredconditionals="0" methods="5" coveredmethods="5"/>
        <line num="8" count="6" type="stmt"/>
        <line num="13" count="6" type="stmt"/>
        <line num="16" count="6" type="stmt"/>
        <line num="17" count="6" type="stmt"/>
        <line num="18" count="6" type="stmt"/>
        <line num="19" count="6" type="stmt"/>
        <line num="20" count="6" type="stmt"/>
        <line num="23" count="6" type="stmt"/>
        <line num="24" count="6" type="stmt"/>
        <line num="29" count="22" type="stmt"/>
        <line num="30" count="22" type="stmt"/>
        <line num="31" count="22" type="stmt"/>
        <line num="45" count="5" type="stmt"/>
        <line num="54" count="20" type="stmt"/>
      </file>
      <file name="Question.jsx" path="/home/erick/Documentos/Trybe Projetos/Front-end/sd-025-a-project-trivia-react-redux/src/components/Question.jsx">
        <metrics statements="63" coveredstatements="63" conditionals="24" coveredconditionals="23" methods="18" coveredmethods="18"/>
        <line num="7" count="1" type="stmt"/>
        <line num="16" count="1" type="stmt"/>
        <line num="17" count="1" type="stmt"/>
        <line num="20" count="1" type="stmt"/>
        <line num="21" count="4" type="stmt"/>
        <line num="22" count="4" type="stmt"/>
        <line num="23" count="4" type="stmt"/>
        <line num="24" count="4" type="stmt"/>
        <line num="26" count="4" type="stmt"/>
        <line num="27" count="4" type="stmt"/>
        <line num="28" count="4" type="stmt"/>
        <line num="30" count="4" type="cond" truecount="2" falsecount="0"/>
        <line num="31" count="2" type="stmt"/>
        <line num="32" count="2" type="cond" truecount="2" falsecount="0"/>
        <line num="33" count="1" type="stmt"/>
        <line num="35" count="1" type="stmt"/>
        <line num="38" count="1" type="stmt"/>
        <line num="39" count="5" type="stmt"/>
        <line num="40" count="5" type="stmt"/>
        <line num="41" count="5" type="stmt"/>
        <line num="43" count="5" type="cond" truecount="2" falsecount="0"/>
        <line num="44" count="4" type="stmt"/>
        <line num="45" count="4" type="stmt"/>
        <line num="46" count="4" type="stmt"/>
        <line num="47" count="4" type="stmt"/>
        <line num="51" count="1" type="stmt"/>
        <line num="52" count="5" type="stmt"/>
        <line num="53" count="5" type="stmt"/>
        <line num="54" count="5" type="stmt"/>
        <line num="55" count="1" type="stmt"/>
        <line num="58" count="1" type="stmt"/>
        <line num="59" count="1" type="cond" truecount="3" falsecount="1"/>
        <line num="60" count="1" type="stmt"/>
        <line num="61" count="1" type="stmt"/>
        <line num="68" count="1" type="stmt"/>
        <line num="69" count="5" type="stmt"/>
        <line num="70" count="5" type="stmt"/>
        <line num="71" count="5" type="stmt"/>
        <line num="72" count="23" type="stmt"/>
        <line num="74" count="5" type="stmt"/>
        <line num="75" count="18" type="stmt"/>
        <line num="76" count="18" type="stmt"/>
        <line num="77" count="18" type="stmt"/>
        <line num="80" count="5" type="stmt"/>
        <line num="86" count="1" type="stmt"/>
        <line num="87" count="5" type="stmt"/>
        <line num="89" count="5" type="stmt"/>
        <line num="92" count="1" type="stmt"/>
        <line num="93" count="5" type="stmt"/>
        <line num="94" count="5" type="stmt"/>
        <line num="95" count="5" type="stmt"/>
        <line num="97" count="5" type="cond" truecount="2" falsecount="0"/>
        <line num="98" count="1" type="stmt"/>
        <line num="101" count="5" type="stmt"/>
        <line num="105" count="4" type="stmt"/>
        <line num="106" count="4" type="stmt"/>
        <line num="111" count="17" type="stmt"/>
        <line num="112" count="17" type="stmt"/>
        <line num="114" count="17" type="stmt"/>
        <line num="130" count="58" type="cond" truecount="2" falsecount="0"/>
        <line num="131" count="12" type="stmt"/>
        <line num="146" count="46" type="stmt"/>
        <line num="182" count="5" type="stmt"/>
      </file>
    </package>
    <package name="src.pages">
      <metrics statements="94" coveredstatements="79" conditionals="17" coveredconditionals="13" methods="26" coveredmethods="23"/>
      <file name="Feedback.jsx" path="/home/erick/Documentos/Trybe Projetos/Front-end/sd-025-a-project-trivia-react-redux/src/pages/Feedback.jsx">
        <metrics statements="20" coveredstatements="20" conditionals="4" coveredconditionals="4" methods="6" coveredmethods="6"/>
        <line num="9" count="3" type="stmt"/>
        <line num="12" count="3" type="stmt"/>
        <line num="13" count="3" type="stmt"/>
        <line num="14" count="3" type="stmt"/>
        <line num="19" count="3" type="stmt"/>
        <line num="20" count="3" type="cond" truecount="2" falsecount="0"/>
        <line num="21" count="2" type="stmt"/>
        <line num="23" count="1" type="stmt"/>
        <line num="24" count="1" type="stmt"/>
        <line num="28" count="3" type="stmt"/>
        <line num="29" count="1" type="stmt"/>
        <line num="30" count="1" type="stmt"/>
        <line num="31" count="1" type="stmt"/>
        <line num="32" count="1" type="stmt"/>
        <line num="36" count="6" type="stmt"/>
        <line num="37" count="6" type="stmt"/>
        <line num="38" count="6" type="stmt"/>
        <line num="61" count="1" type="stmt"/>
        <line num="72" count="5" type="stmt"/>
        <line num="85" count="7" type="stmt"/>
      </file>
      <file name="Game.jsx" path="/home/erick/Documentos/Trybe Projetos/Front-end/sd-025-a-project-trivia-react-redux/src/pages/Game.jsx">
        <metrics statements="27" coveredstatements="22" conditionals="11" coveredconditionals="7" methods="5" coveredmethods="5"/>
        <line num="9" count="3" type="stmt"/>
        <line num="14" count="3" type="stmt"/>
        <line num="17" count="3" type="stmt"/>
        <line num="18" count="3" type="stmt"/>
        <line num="19" count="3" type="stmt"/>
        <line num="20" count="3" type="stmt"/>
        <line num="21" count="3" type="stmt"/>
        <line num="28" count="3" type="cond" truecount="2" falsecount="0"/>
        <line num="29" count="1" type="stmt"/>
        <line num="30" count="1" type="stmt"/>
        <line num="32" count="2" type="stmt"/>
        <line num="38" count="3" type="stmt"/>
        <line num="39" count="3" type="stmt"/>
        <line num="40" count="3" type="stmt"/>
        <line num="41" count="3" type="stmt"/>
        <line num="42" count="3" type="cond" truecount="3" falsecount="2"/>
        <line num="43" count="3" type="stmt"/>
        <line num="45" count="0" type="stmt"/>
        <line num="46" count="0" type="cond" truecount="0" falsecount="2"/>
        <line num="47" count="0" type="stmt"/>
        <line num="48" count="0" type="stmt"/>
        <line num="50" count="0" type="stmt"/>
        <line num="58" count="4" type="stmt"/>
        <line num="59" count="4" type="stmt"/>
        <line num="60" count="4" type="stmt"/>
        <line num="74" count="5" type="stmt"/>
        <line num="81" count="14" type="stmt"/>
      </file>
      <file name="Login.jsx" path="/home/erick/Documentos/Trybe Projetos/Front-end/sd-025-a-project-trivia-react-redux/src/pages/Login.jsx">
        <metrics statements="17" coveredstatements="17" conditionals="2" coveredconditionals="2" methods="4" coveredmethods="4"/>
        <line num="9" count="13" type="stmt"/>
        <line num="14" count="13" type="stmt"/>
        <line num="15" count="78" type="stmt"/>
        <line num="16" count="78" type="stmt"/>
        <line num="21" count="13" type="stmt"/>
        <line num="22" count="91" type="stmt"/>
        <line num="23" count="91" type="cond" truecount="2" falsecount="0"/>
        <line num="26" count="13" type="stmt"/>
        <line num="27" count="2" type="stmt"/>
        <line num="28" count="2" type="stmt"/>
        <line num="29" count="2" type="stmt"/>
        <line num="31" count="2" type="stmt"/>
        <line num="32" count="2" type="stmt"/>
        <line num="36" count="91" type="stmt"/>
        <line num="37" count="91" type="stmt"/>
        <line num="39" count="91" type="stmt"/>
        <line num="75" count="5" type="stmt"/>
      </file>
      <file name="NotFound.jsx" path="/home/erick/Documentos/Trybe Projetos/Front-end/sd-025-a-project-trivia-react-redux/src/pages/NotFound.jsx">
        <metrics statements="1" coveredstatements="1" conditionals="0" coveredconditionals="0" methods="1" coveredmethods="1"/>
        <line num="6" count="1" type="stmt"/>
      </file>
      <file name="Ranking.jsx" path="/home/erick/Documentos/Trybe Projetos/Front-end/sd-025-a-project-trivia-react-redux/src/pages/Ranking.jsx">
        <metrics statements="10" coveredstatements="10" conditionals="0" coveredconditionals="0" methods="4" coveredmethods="4"/>
        <line num="7" count="2" type="stmt"/>
        <line num="8" count="1" type="stmt"/>
        <line num="9" count="1" type="stmt"/>
        <line num="10" count="1" type="stmt"/>
        <line num="11" count="1" type="stmt"/>
        <line num="15" count="2" type="stmt"/>
        <line num="16" count="1" type="stmt"/>
        <line num="17" count="2" type="stmt"/>
        <line num="22" count="3" type="stmt"/>
        <line num="41" count="5" type="stmt"/>
      </file>
      <file name="Settings.jsx" path="/home/erick/Documentos/Trybe Projetos/Front-end/sd-025-a-project-trivia-react-redux/src/pages/Settings.jsx">
        <metrics statements="19" coveredstatements="9" conditionals="0" coveredconditionals="0" methods="6" coveredmethods="3"/>
        <line num="9" count="1" type="stmt"/>
        <line num="17" count="1" type="stmt"/>
        <line num="20" count="1" type="stmt"/>
        <line num="21" count="0" type="stmt"/>
        <line num="22" count="0" type="stmt"/>
        <line num="27" count="1" type="stmt"/>
        <line num="28" count="1" type="stmt"/>
        <line num="29" count="0" type="stmt"/>
        <line num="34" count="1" type="stmt"/>
        <line num="35" count="0" type="stmt"/>
        <line num="36" count="0" type="stmt"/>
        <line num="37" count="0" type="stmt"/>
        <line num="38" count="0" type="stmt"/>
        <line num="39" count="0" type="stmt"/>
        <line num="40" count="0" type="stmt"/>
        <line num="44" count="1" type="stmt"/>
        <line num="45" count="1" type="stmt"/>
        <line num="51" count="0" type="stmt"/>
        <line num="72" count="5" type="stmt"/>
      </file>
    </package>
  </project>
</coverage>
