{"/home/erick/Documentos/Trybe Projetos/Front-end/sd-025-a-project-trivia-react-redux/src/App.js": {"path":"/home/erick/Documentos/Trybe Projetos/Front-end/sd-025-a-project-trivia-react-redux/src/App.js","statementMap":{"0":{"start":{"line":5,"column":2},"end":{"line":7,"column":4}}},"fnMap":{"0":{"name":"App","decl":{"start":{"line":4,"column":24},"end":{"line":4,"column":27}},"loc":{"start":{"line":4,"column":30},"end":{"line":8,"column":1}},"line":4}},"branchMap":{},"s":{"0":13},"f":{"0":13},"b":{},"_coverageSchema":"1a1c01bbd47fc00a2c39e90264f33305004495a9","hash":"791f7b56333dc73ebdaed2f1686ea90da0a6b3c2"}
,"/home/erick/Documentos/Trybe Projetos/Front-end/sd-025-a-project-trivia-react-redux/src/Routes.js": {"path":"/home/erick/Documentos/Trybe Projetos/Front-end/sd-025-a-project-trivia-react-redux/src/Routes.js","statementMap":{"0":{"start":{"line":12,"column":4},"end":{"line":21,"column":6}}},"fnMap":{"0":{"name":"(anonymous_0)","decl":{"start":{"line":11,"column":2},"end":{"line":11,"column":3}},"loc":{"start":{"line":11,"column":11},"end":{"line":22,"column":3}},"line":11}},"branchMap":{},"s":{"0":10},"f":{"0":10},"b":{},"_coverageSchema":"1a1c01bbd47fc00a2c39e90264f33305004495a9","hash":"555d596a38d6677b1990874ae4d956a8442c5c22"}
,"/home/erick/Documentos/Trybe Projetos/Front-end/sd-025-a-project-trivia-react-redux/src/components/ButtonSettings.jsx": {"path":"/home/erick/Documentos/Trybe Projetos/Front-end/sd-025-a-project-trivia-react-redux/src/components/ButtonSettings.jsx","statementMap":{"0":{"start":{"line":5,"column":24},"end":{"line":8,"column":3}},"1":{"start":{"line":6,"column":24},"end":{"line":6,"column":34}},"2":{"start":{"line":7,"column":4},"end":{"line":7,"column":30}},"3":{"start":{"line":11,"column":4},"end":{"line":19,"column":6}},"4":{"start":{"line":23,"column":0},"end":{"line":27,"column":2}}},"fnMap":{"0":{"name":"(anonymous_0)","decl":{"start":{"line":5,"column":24},"end":{"line":5,"column":25}},"loc":{"start":{"line":5,"column":30},"end":{"line":8,"column":3}},"line":5},"1":{"name":"(anonymous_1)","decl":{"start":{"line":10,"column":2},"end":{"line":10,"column":3}},"loc":{"start":{"line":10,"column":11},"end":{"line":20,"column":3}},"line":10}},"branchMap":{},"s":{"0":13,"1":1,"2":1,"3":91,"4":5},"f":{"0":1,"1":91},"b":{},"_coverageSchema":"1a1c01bbd47fc00a2c39e90264f33305004495a9","hash":"a57d9aaeb641c3f131ab81b10f693d03c2978502"}
,"/home/erick/Documentos/Trybe Projetos/Front-end/sd-025-a-project-trivia-react-redux/src/components/CategoryOptions.jsx": {"path":"/home/erick/Documentos/Trybe Projetos/Front-end/sd-025-a-project-trivia-react-redux/src/components/CategoryOptions.jsx","statementMap":{"0":{"start":{"line":6,"column":23},"end":{"line":6,"column":33}},"1":{"start":{"line":7,"column":4},"end":{"line":11,"column":6}},"2":{"start":{"line":15,"column":0},"end":{"line":20,"column":2}}},"fnMap":{"0":{"name":"(anonymous_0)","decl":{"start":{"line":5,"column":2},"end":{"line":5,"column":3}},"loc":{"start":{"line":5,"column":11},"end":{"line":12,"column":3}},"line":5}},"branchMap":{},"s":{"0":0,"1":0,"2":5},"f":{"0":0},"b":{},"_coverageSchema":"1a1c01bbd47fc00a2c39e90264f33305004495a9","hash":"846ea1d18db09209a58fcdccfce4adf6c1b71ad3"}
,"/home/erick/Documentos/Trybe Projetos/Front-end/sd-025-a-project-trivia-react-redux/src/components/Header.jsx": {"path":"/home/erick/Documentos/Trybe Projetos/Front-end/sd-025-a-project-trivia-react-redux/src/components/Header.jsx","statementMap":{"0":{"start":{"line":8,"column":10},"end":{"line":10,"column":3}},"1":{"start":{"line":13,"column":4},"end":{"line":13,"column":18}},"2":{"start":{"line":16,"column":11},"end":{"line":26,"column":3}},"3":{"start":{"line":17,"column":33},"end":{"line":17,"column":43}},"4":{"start":{"line":18,"column":17},"end":{"line":18,"column":53}},"5":{"start":{"line":19,"column":16},"end":{"line":19,"column":57}},"6":{"start":{"line":20,"column":4},"end":{"line":25,"column":7}},"7":{"start":{"line":23,"column":27},"end":{"line":23,"column":37}},"8":{"start":{"line":24,"column":6},"end":{"line":24,"column":36}},"9":{"start":{"line":29,"column":23},"end":{"line":29,"column":33}},"10":{"start":{"line":30,"column":20},"end":{"line":30,"column":30}},"11":{"start":{"line":31,"column":4},"end":{"line":41,"column":6}},"12":{"start":{"line":45,"column":0},"end":{"line":52,"column":2}},"13":{"start":{"line":54,"column":24},"end":{"line":56,"column":2}},"14":{"start":{"line":54,"column":36},"end":{"line":56,"column":1}}},"fnMap":{"0":{"name":"(anonymous_0)","decl":{"start":{"line":12,"column":2},"end":{"line":12,"column":3}},"loc":{"start":{"line":12,"column":22},"end":{"line":14,"column":3}},"line":12},"1":{"name":"(anonymous_1)","decl":{"start":{"line":16,"column":11},"end":{"line":16,"column":12}},"loc":{"start":{"line":16,"column":17},"end":{"line":26,"column":3}},"line":16},"2":{"name":"(anonymous_2)","decl":{"start":{"line":22,"column":7},"end":{"line":22,"column":8}},"loc":{"start":{"line":22,"column":13},"end":{"line":25,"column":5}},"line":22},"3":{"name":"(anonymous_3)","decl":{"start":{"line":28,"column":2},"end":{"line":28,"column":3}},"loc":{"start":{"line":28,"column":11},"end":{"line":42,"column":3}},"line":28},"4":{"name":"(anonymous_4)","decl":{"start":{"line":54,"column":24},"end":{"line":54,"column":25}},"loc":{"start":{"line":54,"column":36},"end":{"line":56,"column":1}},"line":54}},"branchMap":{},"s":{"0":6,"1":6,"2":6,"3":6,"4":6,"5":6,"6":6,"7":6,"8":6,"9":22,"10":22,"11":22,"12":5,"13":5,"14":20},"f":{"0":6,"1":6,"2":6,"3":22,"4":20},"b":{},"_coverageSchema":"1a1c01bbd47fc00a2c39e90264f33305004495a9","hash":"c1e9dc0f93a179fe3fcd20ce0da1185f47377afc"}
,"/home/erick/Documentos/Trybe Projetos/Front-end/sd-025-a-project-trivia-react-redux/src/components/Question.jsx": {"path":"/home/erick/Documentos/Trybe Projetos/Front-end/sd-025-a-project-trivia-react-redux/src/components/Question.jsx","statementMap":{"0":{"start":{"line":7,"column":10},"end":{"line":13,"column":3}},"1":{"start":{"line":16,"column":4},"end":{"line":16,"column":30}},"2":{"start":{"line":17,"column":4},"end":{"line":17,"column":22}},"3":{"start":{"line":20,"column":19},"end":{"line":36,"column":3}},"4":{"start":{"line":21,"column":22},"end":{"line":21,"column":32}},"5":{"start":{"line":22,"column":26},"end":{"line":22,"column":36}},"6":{"start":{"line":23,"column":20},"end":{"line":23,"column":36}},"7":{"start":{"line":24,"column":27},"end":{"line":24,"column":34}},"8":{"start":{"line":26,"column":17},"end":{"line":26,"column":18}},"9":{"start":{"line":27,"column":19},"end":{"line":27,"column":20}},"10":{"start":{"line":28,"column":17},"end":{"line":28,"column":18}},"11":{"start":{"line":30,"column":4},"end":{"line":32,"column":5}},"12":{"start":{"line":31,"column":6},"end":{"line":31,"column":18}},"13":{"start":{"line":32,"column":6},"end":{"line":34,"column":5}},"14":{"start":{"line":33,"column":6},"end":{"line":33,"column":20}},"15":{"start":{"line":35,"column":4},"end":{"line":35,"column":16}},"16":{"start":{"line":38,"column":19},"end":{"line":49,"column":3}},"17":{"start":{"line":39,"column":40},"end":{"line":39,"column":50}},"18":{"start":{"line":40,"column":25},"end":{"line":40,"column":35}},"19":{"start":{"line":41,"column":25},"end":{"line":41,"column":27}},"20":{"start":{"line":43,"column":4},"end":{"line":48,"column":5}},"21":{"start":{"line":44,"column":18},"end":{"line":44,"column":73}},"22":{"start":{"line":45,"column":29},"end":{"line":45,"column":30}},"23":{"start":{"line":46,"column":6},"end":{"line":46,"column":33}},"24":{"start":{"line":47,"column":6},"end":{"line":47,"column":49}},"25":{"start":{"line":51,"column":15},"end":{"line":66,"column":3}},"26":{"start":{"line":52,"column":4},"end":{"line":65,"column":7}},"27":{"start":{"line":53,"column":21},"end":{"line":53,"column":25}},"28":{"start":{"line":54,"column":25},"end":{"line":64,"column":16}},"29":{"start":{"line":55,"column":8},"end":{"line":63,"column":11}},"30":{"start":{"line":55,"column":38},"end":{"line":57,"column":9}},"31":{"start":{"line":58,"column":44},"end":{"line":58,"column":54}},"32":{"start":{"line":59,"column":10},"end":{"line":62,"column":11}},"33":{"start":{"line":60,"column":12},"end":{"line":60,"column":38}},"34":{"start":{"line":61,"column":12},"end":{"line":61,"column":49}},"35":{"start":{"line":68,"column":23},"end":{"line":84,"column":3}},"36":{"start":{"line":69,"column":26},"end":{"line":69,"column":36}},"37":{"start":{"line":70,"column":22},"end":{"line":70,"column":32}},"38":{"start":{"line":71,"column":17},"end":{"line":71,"column":89}},"39":{"start":{"line":72,"column":21},"end":{"line":72,"column":61}},"40":{"start":{"line":72,"column":41},"end":{"line":72,"column":60}},"41":{"start":{"line":74,"column":4},"end":{"line":78,"column":5}},"42":{"start":{"line":74,"column":21},"end":{"line":74,"column":22}},"43":{"start":{"line":75,"column":29},"end":{"line":75,"column":78}},"44":{"start":{"line":76,"column":25},"end":{"line":76,"column":55}},"45":{"start":{"line":77,"column":6},"end":{"line":77,"column":31}},"46":{"start":{"line":80,"column":4},"end":{"line":83,"column":7}},"47":{"start":{"line":86,"column":22},"end":{"line":90,"column":3}},"48":{"start":{"line":87,"column":4},"end":{"line":89,"column":49}},"49":{"start":{"line":87,"column":29},"end":{"line":89,"column":5}},"50":{"start":{"line":89,"column":14},"end":{"line":89,"column":47}},"51":{"start":{"line":92,"column":16},"end":{"line":108,"column":3}},"52":{"start":{"line":93,"column":24},"end":{"line":93,"column":34}},"53":{"start":{"line":94,"column":22},"end":{"line":94,"column":32}},"54":{"start":{"line":95,"column":22},"end":{"line":95,"column":23}},"55":{"start":{"line":97,"column":4},"end":{"line":99,"column":5}},"56":{"start":{"line":98,"column":6},"end":{"line":98,"column":32}},"57":{"start":{"line":101,"column":4},"end":{"line":107,"column":7}},"58":{"start":{"line":101,"column":29},"end":{"line":104,"column":5}},"59":{"start":{"line":105,"column":6},"end":{"line":105,"column":24}},"60":{"start":{"line":106,"column":6},"end":{"line":106,"column":32}},"61":{"start":{"line":111,"column":26},"end":{"line":111,"column":36}},"62":{"start":{"line":112,"column":59},"end":{"line":112,"column":69}},"63":{"start":{"line":114,"column":4},"end":{"line":178,"column":6}},"64":{"start":{"line":130,"column":14},"end":{"line":145,"column":15}},"65":{"start":{"line":131,"column":16},"end":{"line":144,"column":18}},"66":{"start":{"line":146,"column":14},"end":{"line":160,"column":16}},"67":{"start":{"line":182,"column":0},"end":{"line":194,"column":2}}},"fnMap":{"0":{"name":"(anonymous_0)","decl":{"start":{"line":15,"column":2},"end":{"line":15,"column":3}},"loc":{"start":{"line":15,"column":22},"end":{"line":18,"column":3}},"line":15},"1":{"name":"(anonymous_1)","decl":{"start":{"line":20,"column":19},"end":{"line":20,"column":20}},"loc":{"start":{"line":20,"column":25},"end":{"line":36,"column":3}},"line":20},"2":{"name":"(anonymous_2)","decl":{"start":{"line":38,"column":19},"end":{"line":38,"column":20}},"loc":{"start":{"line":38,"column":31},"end":{"line":49,"column":3}},"line":38},"3":{"name":"(anonymous_3)","decl":{"start":{"line":51,"column":15},"end":{"line":51,"column":16}},"loc":{"start":{"line":51,"column":21},"end":{"line":66,"column":3}},"line":51},"4":{"name":"(anonymous_4)","decl":{"start":{"line":52,"column":36},"end":{"line":52,"column":37}},"loc":{"start":{"line":52,"column":42},"end":{"line":65,"column":5}},"line":52},"5":{"name":"(anonymous_5)","decl":{"start":{"line":54,"column":37},"end":{"line":54,"column":38}},"loc":{"start":{"line":54,"column":43},"end":{"line":64,"column":7}},"line":54},"6":{"name":"(anonymous_6)","decl":{"start":{"line":55,"column":22},"end":{"line":55,"column":23}},"loc":{"start":{"line":55,"column":38},"end":{"line":57,"column":9}},"line":55},"7":{"name":"(anonymous_7)","decl":{"start":{"line":57,"column":12},"end":{"line":57,"column":13}},"loc":{"start":{"line":57,"column":18},"end":{"line":63,"column":9}},"line":57},"8":{"name":"(anonymous_8)","decl":{"start":{"line":68,"column":23},"end":{"line":68,"column":24}},"loc":{"start":{"line":68,"column":29},"end":{"line":84,"column":3}},"line":68},"9":{"name":"(anonymous_9)","decl":{"start":{"line":72,"column":31},"end":{"line":72,"column":32}},"loc":{"start":{"line":72,"column":41},"end":{"line":72,"column":60}},"line":72},"10":{"name":"(anonymous_10)","decl":{"start":{"line":86,"column":22},"end":{"line":86,"column":23}},"loc":{"start":{"line":86,"column":38},"end":{"line":90,"column":3}},"line":86},"11":{"name":"(anonymous_11)","decl":{"start":{"line":87,"column":18},"end":{"line":87,"column":19}},"loc":{"start":{"line":87,"column":29},"end":{"line":89,"column":5}},"line":87},"12":{"name":"(anonymous_12)","decl":{"start":{"line":89,"column":8},"end":{"line":89,"column":9}},"loc":{"start":{"line":89,"column":14},"end":{"line":89,"column":47}},"line":89},"13":{"name":"(anonymous_13)","decl":{"start":{"line":92,"column":16},"end":{"line":92,"column":17}},"loc":{"start":{"line":92,"column":22},"end":{"line":108,"column":3}},"line":92},"14":{"name":"(anonymous_14)","decl":{"start":{"line":101,"column":18},"end":{"line":101,"column":19}},"loc":{"start":{"line":101,"column":29},"end":{"line":104,"column":5}},"line":101},"15":{"name":"(anonymous_15)","decl":{"start":{"line":104,"column":8},"end":{"line":104,"column":9}},"loc":{"start":{"line":104,"column":14},"end":{"line":107,"column":5}},"line":104},"16":{"name":"(anonymous_16)","decl":{"start":{"line":110,"column":2},"end":{"line":110,"column":3}},"loc":{"start":{"line":110,"column":11},"end":{"line":179,"column":3}},"line":110},"17":{"name":"(anonymous_17)","decl":{"start":{"line":129,"column":29},"end":{"line":129,"column":30}},"loc":{"start":{"line":129,"column":39},"end":{"line":161,"column":13}},"line":129}},"branchMap":{"0":{"loc":{"start":{"line":30,"column":4},"end":{"line":32,"column":5}},"type":"if","locations":[{"start":{"line":30,"column":4},"end":{"line":32,"column":5}},{"start":{},"end":{}}],"line":30},"1":{"loc":{"start":{"line":32,"column":6},"end":{"line":34,"column":5}},"type":"if","locations":[{"start":{"line":32,"column":6},"end":{"line":34,"column":5}},{"start":{},"end":{}}],"line":32},"2":{"loc":{"start":{"line":43,"column":4},"end":{"line":48,"column":5}},"type":"if","locations":[{"start":{"line":43,"column":4},"end":{"line":48,"column":5}},{"start":{},"end":{}}],"line":43},"3":{"loc":{"start":{"line":59,"column":10},"end":{"line":62,"column":11}},"type":"if","locations":[{"start":{"line":59,"column":10},"end":{"line":62,"column":11}},{"start":{},"end":{}}],"line":59},"4":{"loc":{"start":{"line":59,"column":14},"end":{"line":59,"column":43}},"type":"binary-expr","locations":[{"start":{"line":59,"column":14},"end":{"line":59,"column":28}},{"start":{"line":59,"column":32},"end":{"line":59,"column":43}}],"line":59},"5":{"loc":{"start":{"line":97,"column":4},"end":{"line":99,"column":5}},"type":"if","locations":[{"start":{"line":97,"column":4},"end":{"line":99,"column":5}},{"start":{},"end":{}}],"line":97},"6":{"loc":{"start":{"line":130,"column":14},"end":{"line":145,"column":15}},"type":"if","locations":[{"start":{"line":130,"column":14},"end":{"line":145,"column":15}},{"start":{},"end":{}}],"line":130},"7":{"loc":{"start":{"line":136,"column":40},"end":{"line":136,"column":82}},"type":"binary-expr","locations":[{"start":{"line":136,"column":40},"end":{"line":136,"column":51}},{"start":{"line":136,"column":55},"end":{"line":136,"column":82}}],"line":136},"8":{"loc":{"start":{"line":140,"column":33},"end":{"line":140,"column":62}},"type":"binary-expr","locations":[{"start":{"line":140,"column":33},"end":{"line":140,"column":44}},{"start":{"line":140,"column":48},"end":{"line":140,"column":62}}],"line":140},"9":{"loc":{"start":{"line":153,"column":38},"end":{"line":153,"column":68}},"type":"binary-expr","locations":[{"start":{"line":153,"column":38},"end":{"line":153,"column":49}},{"start":{"line":153,"column":53},"end":{"line":153,"column":68}}],"line":153},"10":{"loc":{"start":{"line":155,"column":31},"end":{"line":155,"column":60}},"type":"binary-expr","locations":[{"start":{"line":155,"column":31},"end":{"line":155,"column":42}},{"start":{"line":155,"column":46},"end":{"line":155,"column":60}}],"line":155},"11":{"loc":{"start":{"line":166,"column":12},"end":{"line":174,"column":24}},"type":"binary-expr","locations":[{"start":{"line":166,"column":12},"end":{"line":166,"column":23}},{"start":{"line":167,"column":14},"end":{"line":174,"column":23}}],"line":166}},"s":{"0":1,"1":1,"2":1,"3":1,"4":4,"5":4,"6":4,"7":4,"8":4,"9":4,"10":4,"11":4,"12":2,"13":2,"14":1,"15":1,"16":1,"17":5,"18":5,"19":5,"20":5,"21":4,"22":4,"23":4,"24":4,"25":1,"26":5,"27":5,"28":5,"29":1,"30":1,"31":1,"32":1,"33":1,"34":1,"35":1,"36":5,"37":5,"38":5,"39":5,"40":23,"41":5,"42":5,"43":18,"44":18,"45":18,"46":5,"47":1,"48":5,"49":5,"50":5,"51":1,"52":5,"53":5,"54":5,"55":5,"56":1,"57":5,"58":4,"59":4,"60":4,"61":17,"62":17,"63":17,"64":58,"65":12,"66":46,"67":5},"f":{"0":1,"1":4,"2":5,"3":5,"4":5,"5":1,"6":1,"7":1,"8":5,"9":23,"10":5,"11":5,"12":5,"13":5,"14":4,"15":4,"16":17,"17":58},"b":{"0":[2,2],"1":[1,1],"2":[4,1],"3":[1,0],"4":[1,1],"5":[1,4],"6":[12,46],"7":[12,7],"8":[12,5],"9":[46,19],"10":[46,27],"11":[17,7]},"_coverageSchema":"1a1c01bbd47fc00a2c39e90264f33305004495a9","hash":"e3d63c3458c3ebf82c5d561b354e588bdb3ccc3a"}
,"/home/erick/Documentos/Trybe Projetos/Front-end/sd-025-a-project-trivia-react-redux/src/pages/Feedback.jsx": {"path":"/home/erick/Documentos/Trybe Projetos/Front-end/sd-025-a-project-trivia-react-redux/src/pages/Feedback.jsx","statementMap":{"0":{"start":{"line":9,"column":4},"end":{"line":9,"column":27}},"1":{"start":{"line":12,"column":20},"end":{"line":26,"column":3}},"2":{"start":{"line":13,"column":23},"end":{"line":13,"column":33}},"3":{"start":{"line":14,"column":24},"end":{"line":18,"column":5}},"4":{"start":{"line":19,"column":20},"end":{"line":19,"column":63}},"5":{"start":{"line":20,"column":4},"end":{"line":25,"column":5}},"6":{"start":{"line":21,"column":6},"end":{"line":21,"column":69}},"7":{"start":{"line":23,"column":22},"end":{"line":23,"column":47}},"8":{"start":{"line":24,"column":6},"end":{"line":24,"column":63}},"9":{"start":{"line":28,"column":14},"end":{"line":33,"column":3}},"10":{"start":{"line":29,"column":34},"end":{"line":29,"column":44}},"11":{"start":{"line":30,"column":4},"end":{"line":30,"column":37}},"12":{"start":{"line":31,"column":4},"end":{"line":31,"column":33}},"13":{"start":{"line":32,"column":4},"end":{"line":32,"column":22}},"14":{"start":{"line":36,"column":55},"end":{"line":36,"column":65}},"15":{"start":{"line":37,"column":23},"end":{"line":37,"column":24}},"16":{"start":{"line":38,"column":4},"end":{"line":68,"column":6}},"17":{"start":{"line":61,"column":28},"end":{"line":61,"column":52}},"18":{"start":{"line":72,"column":0},"end":{"line":83,"column":2}},"19":{"start":{"line":85,"column":24},"end":{"line":87,"column":2}},"20":{"start":{"line":85,"column":36},"end":{"line":87,"column":1}}},"fnMap":{"0":{"name":"(anonymous_0)","decl":{"start":{"line":8,"column":2},"end":{"line":8,"column":3}},"loc":{"start":{"line":8,"column":22},"end":{"line":10,"column":3}},"line":8},"1":{"name":"(anonymous_1)","decl":{"start":{"line":12,"column":20},"end":{"line":12,"column":21}},"loc":{"start":{"line":12,"column":26},"end":{"line":26,"column":3}},"line":12},"2":{"name":"(anonymous_2)","decl":{"start":{"line":28,"column":14},"end":{"line":28,"column":15}},"loc":{"start":{"line":28,"column":20},"end":{"line":33,"column":3}},"line":28},"3":{"name":"(anonymous_3)","decl":{"start":{"line":35,"column":2},"end":{"line":35,"column":3}},"loc":{"start":{"line":35,"column":11},"end":{"line":69,"column":3}},"line":35},"4":{"name":"(anonymous_4)","decl":{"start":{"line":61,"column":22},"end":{"line":61,"column":23}},"loc":{"start":{"line":61,"column":28},"end":{"line":61,"column":52}},"line":61},"5":{"name":"(anonymous_5)","decl":{"start":{"line":85,"column":24},"end":{"line":85,"column":25}},"loc":{"start":{"line":85,"column":36},"end":{"line":87,"column":1}},"line":85}},"branchMap":{"0":{"loc":{"start":{"line":20,"column":4},"end":{"line":25,"column":5}},"type":"if","locations":[{"start":{"line":20,"column":4},"end":{"line":25,"column":5}},{"start":{"line":22,"column":11},"end":{"line":25,"column":5}}],"line":20},"1":{"loc":{"start":{"line":45,"column":10},"end":{"line":47,"column":61}},"type":"cond-expr","locations":[{"start":{"line":46,"column":14},"end":{"line":46,"column":69}},{"start":{"line":47,"column":14},"end":{"line":47,"column":61}}],"line":45}},"s":{"0":3,"1":3,"2":3,"3":3,"4":3,"5":3,"6":2,"7":1,"8":1,"9":3,"10":1,"11":1,"12":1,"13":1,"14":6,"15":6,"16":6,"17":1,"18":5,"19":5,"20":7},"f":{"0":3,"1":3,"2":1,"3":6,"4":1,"5":7},"b":{"0":[2,1],"1":[2,4]},"_coverageSchema":"1a1c01bbd47fc00a2c39e90264f33305004495a9","hash":"bc4e747dcd5b29f8f446390872e0d0f3a426b2e8"}
,"/home/erick/Documentos/Trybe Projetos/Front-end/sd-025-a-project-trivia-react-redux/src/pages/Game.jsx": {"path":"/home/erick/Documentos/Trybe Projetos/Front-end/sd-025-a-project-trivia-react-redux/src/pages/Game.jsx","statementMap":{"0":{"start":{"line":9,"column":10},"end":{"line":11,"column":3}},"1":{"start":{"line":14,"column":4},"end":{"line":14,"column":27}},"2":{"start":{"line":17,"column":26},"end":{"line":36,"column":3}},"3":{"start":{"line":18,"column":76},"end":{"line":18,"column":86}},"4":{"start":{"line":19,"column":32},"end":{"line":19,"column":33}},"5":{"start":{"line":20,"column":18},"end":{"line":20,"column":47}},"6":{"start":{"line":21,"column":17},"end":{"line":26,"column":5}},"7":{"start":{"line":28,"column":4},"end":{"line":35,"column":5}},"8":{"start":{"line":29,"column":6},"end":{"line":29,"column":39}},"9":{"start":{"line":30,"column":6},"end":{"line":30,"column":24}},"10":{"start":{"line":32,"column":6},"end":{"line":34,"column":9}},"11":{"start":{"line":38,"column":20},"end":{"line":55,"column":3}},"12":{"start":{"line":39,"column":76},"end":{"line":39,"column":86}},"13":{"start":{"line":40,"column":32},"end":{"line":40,"column":33}},"14":{"start":{"line":41,"column":18},"end":{"line":41,"column":47}},"15":{"start":{"line":42,"column":4},"end":{"line":54,"column":5}},"16":{"start":{"line":43,"column":6},"end":{"line":43,"column":35}},"17":{"start":{"line":45,"column":23},"end":{"line":45,"column":56}},"18":{"start":{"line":46,"column":6},"end":{"line":53,"column":7}},"19":{"start":{"line":47,"column":8},"end":{"line":47,"column":41}},"20":{"start":{"line":48,"column":8},"end":{"line":48,"column":26}},"21":{"start":{"line":50,"column":8},"end":{"line":52,"column":11}},"22":{"start":{"line":58,"column":26},"end":{"line":58,"column":36}},"23":{"start":{"line":59,"column":24},"end":{"line":59,"column":34}},"24":{"start":{"line":60,"column":4},"end":{"line":70,"column":6}},"25":{"start":{"line":74,"column":0},"end":{"line":79,"column":2}},"26":{"start":{"line":81,"column":24},"end":{"line":85,"column":2}},"27":{"start":{"line":81,"column":36},"end":{"line":85,"column":1}}},"fnMap":{"0":{"name":"(anonymous_0)","decl":{"start":{"line":13,"column":2},"end":{"line":13,"column":3}},"loc":{"start":{"line":13,"column":22},"end":{"line":15,"column":3}},"line":13},"1":{"name":"(anonymous_1)","decl":{"start":{"line":17,"column":26},"end":{"line":17,"column":27}},"loc":{"start":{"line":17,"column":38},"end":{"line":36,"column":3}},"line":17},"2":{"name":"(anonymous_2)","decl":{"start":{"line":38,"column":20},"end":{"line":38,"column":21}},"loc":{"start":{"line":38,"column":32},"end":{"line":55,"column":3}},"line":38},"3":{"name":"(anonymous_3)","decl":{"start":{"line":57,"column":2},"end":{"line":57,"column":3}},"loc":{"start":{"line":57,"column":11},"end":{"line":71,"column":3}},"line":57},"4":{"name":"(anonymous_4)","decl":{"start":{"line":81,"column":24},"end":{"line":81,"column":25}},"loc":{"start":{"line":81,"column":36},"end":{"line":85,"column":1}},"line":81}},"branchMap":{"0":{"loc":{"start":{"line":28,"column":4},"end":{"line":35,"column":5}},"type":"if","locations":[{"start":{"line":28,"column":4},"end":{"line":35,"column":5}},{"start":{"line":31,"column":11},"end":{"line":35,"column":5}}],"line":28},"1":{"loc":{"start":{"line":42,"column":4},"end":{"line":54,"column":5}},"type":"if","locations":[{"start":{"line":42,"column":4},"end":{"line":54,"column":5}},{"start":{"line":44,"column":11},"end":{"line":54,"column":5}}],"line":42},"2":{"loc":{"start":{"line":42,"column":8},"end":{"line":42,"column":86}},"type":"binary-expr","locations":[{"start":{"line":42,"column":8},"end":{"line":42,"column":30}},{"start":{"line":42,"column":34},"end":{"line":42,"column":61}},{"start":{"line":42,"column":65},"end":{"line":42,"column":86}}],"line":42},"3":{"loc":{"start":{"line":46,"column":6},"end":{"line":53,"column":7}},"type":"if","locations":[{"start":{"line":46,"column":6},"end":{"line":53,"column":7}},{"start":{"line":49,"column":13},"end":{"line":53,"column":7}}],"line":46},"4":{"loc":{"start":{"line":66,"column":10},"end":{"line":66,"column":90}},"type":"binary-expr","locations":[{"start":{"line":66,"column":10},"end":{"line":66,"column":30}},{"start":{"line":66,"column":34},"end":{"line":66,"column":90}}],"line":66}},"s":{"0":3,"1":3,"2":3,"3":3,"4":3,"5":3,"6":3,"7":3,"8":1,"9":1,"10":2,"11":3,"12":3,"13":3,"14":3,"15":3,"16":3,"17":0,"18":0,"19":0,"20":0,"21":0,"22":4,"23":4,"24":4,"25":5,"26":5,"27":14},"f":{"0":3,"1":3,"2":3,"3":4,"4":14},"b":{"0":[1,2],"1":[3,0],"2":[3,2,0],"3":[0,0],"4":[4,1]},"_coverageSchema":"1a1c01bbd47fc00a2c39e90264f33305004495a9","hash":"913f552748bb6e5b11098fab24f476726a6d310d"}
,"/home/erick/Documentos/Trybe Projetos/Front-end/sd-025-a-project-trivia-react-redux/src/pages/Login.jsx": {"path":"/home/erick/Documentos/Trybe Projetos/Front-end/sd-025-a-project-trivia-react-redux/src/pages/Login.jsx","statementMap":{"0":{"start":{"line":9,"column":10},"end":{"line":12,"column":3}},"1":{"start":{"line":14,"column":22},"end":{"line":19,"column":3}},"2":{"start":{"line":15,"column":28},"end":{"line":15,"column":34}},"3":{"start":{"line":16,"column":4},"end":{"line":18,"column":7}},"4":{"start":{"line":21,"column":17},"end":{"line":24,"column":3}},"5":{"start":{"line":22,"column":28},"end":{"line":22,"column":38}},"6":{"start":{"line":23,"column":4},"end":{"line":23,"column":47}},"7":{"start":{"line":26,"column":16},"end":{"line":33,"column":3}},"8":{"start":{"line":27,"column":34},"end":{"line":27,"column":44}},"9":{"start":{"line":28,"column":4},"end":{"line":28,"column":40}},"10":{"start":{"line":29,"column":18},"end":{"line":29,"column":42}},"11":{"start":{"line":31,"column":4},"end":{"line":31,"column":41}},"12":{"start":{"line":32,"column":4},"end":{"line":32,"column":26}},"13":{"start":{"line":36,"column":28},"end":{"line":36,"column":38}},"14":{"start":{"line":37,"column":24},"end":{"line":37,"column":34}},"15":{"start":{"line":39,"column":4},"end":{"line":71,"column":6}},"16":{"start":{"line":75,"column":0},"end":{"line":78,"column":2}}},"fnMap":{"0":{"name":"(anonymous_0)","decl":{"start":{"line":14,"column":22},"end":{"line":14,"column":23}},"loc":{"start":{"line":14,"column":38},"end":{"line":19,"column":3}},"line":14},"1":{"name":"(anonymous_1)","decl":{"start":{"line":21,"column":17},"end":{"line":21,"column":18}},"loc":{"start":{"line":21,"column":23},"end":{"line":24,"column":3}},"line":21},"2":{"name":"(anonymous_2)","decl":{"start":{"line":26,"column":16},"end":{"line":26,"column":17}},"loc":{"start":{"line":26,"column":28},"end":{"line":33,"column":3}},"line":26},"3":{"name":"(anonymous_3)","decl":{"start":{"line":35,"column":2},"end":{"line":35,"column":3}},"loc":{"start":{"line":35,"column":11},"end":{"line":72,"column":3}},"line":35}},"branchMap":{"0":{"loc":{"start":{"line":23,"column":11},"end":{"line":23,"column":46}},"type":"binary-expr","locations":[{"start":{"line":23,"column":11},"end":{"line":23,"column":26}},{"start":{"line":23,"column":30},"end":{"line":23,"column":46}}],"line":23}},"s":{"0":13,"1":13,"2":78,"3":78,"4":13,"5":91,"6":91,"7":13,"8":2,"9":2,"10":2,"11":2,"12":2,"13":91,"14":91,"15":91,"16":5},"f":{"0":78,"1":91,"2":2,"3":91},"b":{"0":[91,78]},"_coverageSchema":"1a1c01bbd47fc00a2c39e90264f33305004495a9","hash":"9be168f0de57bed9076fcd9f4378ad35d0ae00e0"}
,"/home/erick/Documentos/Trybe Projetos/Front-end/sd-025-a-project-trivia-react-redux/src/pages/NotFound.jsx": {"path":"/home/erick/Documentos/Trybe Projetos/Front-end/sd-025-a-project-trivia-react-redux/src/pages/NotFound.jsx","statementMap":{"0":{"start":{"line":6,"column":4},"end":{"line":8,"column":6}}},"fnMap":{"0":{"name":"(anonymous_0)","decl":{"start":{"line":5,"column":2},"end":{"line":5,"column":3}},"loc":{"start":{"line":5,"column":11},"end":{"line":9,"column":3}},"line":5}},"branchMap":{},"s":{"0":1},"f":{"0":1},"b":{},"_coverageSchema":"1a1c01bbd47fc00a2c39e90264f33305004495a9","hash":"f270ae03b84f762325c82de73c8455edd74d5442"}
,"/home/erick/Documentos/Trybe Projetos/Front-end/sd-025-a-project-trivia-react-redux/src/pages/Ranking.jsx": {"path":"/home/erick/Documentos/Trybe Projetos/Front-end/sd-025-a-project-trivia-react-redux/src/pages/Ranking.jsx","statementMap":{"0":{"start":{"line":7,"column":14},"end":{"line":12,"column":3}},"1":{"start":{"line":8,"column":34},"end":{"line":8,"column":44}},"2":{"start":{"line":9,"column":4},"end":{"line":9,"column":37}},"3":{"start":{"line":10,"column":4},"end":{"line":10,"column":33}},"4":{"start":{"line":11,"column":4},"end":{"line":11,"column":22}},"5":{"start":{"line":15,"column":24},"end":{"line":16,"column":40}},"6":{"start":{"line":16,"column":22},"end":{"line":16,"column":39}},"7":{"start":{"line":17,"column":4},"end":{"line":37,"column":6}},"8":{"start":{"line":22,"column":12},"end":{"line":26,"column":17}},"9":{"start":{"line":41,"column":0},"end":{"line":46,"column":2}}},"fnMap":{"0":{"name":"(anonymous_0)","decl":{"start":{"line":7,"column":14},"end":{"line":7,"column":15}},"loc":{"start":{"line":7,"column":20},"end":{"line":12,"column":3}},"line":7},"1":{"name":"(anonymous_1)","decl":{"start":{"line":14,"column":2},"end":{"line":14,"column":3}},"loc":{"start":{"line":14,"column":11},"end":{"line":38,"column":3}},"line":14},"2":{"name":"(anonymous_2)","decl":{"start":{"line":16,"column":12},"end":{"line":16,"column":13}},"loc":{"start":{"line":16,"column":22},"end":{"line":16,"column":39}},"line":16},"3":{"name":"(anonymous_3)","decl":{"start":{"line":21,"column":27},"end":{"line":21,"column":28}},"loc":{"start":{"line":22,"column":12},"end":{"line":26,"column":17}},"line":22}},"branchMap":{},"s":{"0":2,"1":1,"2":1,"3":1,"4":1,"5":2,"6":1,"7":2,"8":3,"9":5},"f":{"0":1,"1":2,"2":1,"3":3},"b":{},"_coverageSchema":"1a1c01bbd47fc00a2c39e90264f33305004495a9","hash":"9b243d6c687c6e408883c054c508785025a19c80"}
,"/home/erick/Documentos/Trybe Projetos/Front-end/sd-025-a-project-trivia-react-redux/src/pages/Settings.jsx": {"path":"/home/erick/Documentos/Trybe Projetos/Front-end/sd-025-a-project-trivia-react-redux/src/pages/Settings.jsx","statementMap":{"0":{"start":{"line":9,"column":10},"end":{"line":14,"column":3}},"1":{"start":{"line":17,"column":4},"end":{"line":17,"column":24}},"2":{"start":{"line":20,"column":17},"end":{"line":25,"column":3}},"3":{"start":{"line":21,"column":28},"end":{"line":21,"column":34}},"4":{"start":{"line":22,"column":4},"end":{"line":24,"column":7}},"5":{"start":{"line":27,"column":17},"end":{"line":32,"column":3}},"6":{"start":{"line":28,"column":23},"end":{"line":28,"column":51}},"7":{"start":{"line":29,"column":4},"end":{"line":31,"column":7}},"8":{"start":{"line":34,"column":20},"end":{"line":41,"column":3}},"9":{"start":{"line":35,"column":34},"end":{"line":35,"column":44}},"10":{"start":{"line":36,"column":67},"end":{"line":36,"column":77}},"11":{"start":{"line":37,"column":4},"end":{"line":37,"column":49}},"12":{"start":{"line":38,"column":4},"end":{"line":38,"column":53}},"13":{"start":{"line":39,"column":4},"end":{"line":39,"column":41}},"14":{"start":{"line":40,"column":4},"end":{"line":40,"column":22}},"15":{"start":{"line":44,"column":27},"end":{"line":44,"column":37}},"16":{"start":{"line":45,"column":4},"end":{"line":68,"column":6}},"17":{"start":{"line":51,"column":34},"end":{"line":51,"column":79}},"18":{"start":{"line":72,"column":0},"end":{"line":75,"column":2}}},"fnMap":{"0":{"name":"(anonymous_0)","decl":{"start":{"line":16,"column":2},"end":{"line":16,"column":3}},"loc":{"start":{"line":16,"column":22},"end":{"line":18,"column":3}},"line":16},"1":{"name":"(anonymous_1)","decl":{"start":{"line":20,"column":17},"end":{"line":20,"column":18}},"loc":{"start":{"line":20,"column":33},"end":{"line":25,"column":3}},"line":20},"2":{"name":"(anonymous_2)","decl":{"start":{"line":27,"column":17},"end":{"line":27,"column":18}},"loc":{"start":{"line":27,"column":29},"end":{"line":32,"column":3}},"line":27},"3":{"name":"(anonymous_3)","decl":{"start":{"line":34,"column":20},"end":{"line":34,"column":21}},"loc":{"start":{"line":34,"column":26},"end":{"line":41,"column":3}},"line":34},"4":{"name":"(anonymous_4)","decl":{"start":{"line":43,"column":2},"end":{"line":43,"column":3}},"loc":{"start":{"line":43,"column":11},"end":{"line":69,"column":3}},"line":43},"5":{"name":"(anonymous_5)","decl":{"start":{"line":51,"column":27},"end":{"line":51,"column":28}},"loc":{"start":{"line":51,"column":34},"end":{"line":51,"column":79}},"line":51}},"branchMap":{},"s":{"0":1,"1":1,"2":1,"3":0,"4":0,"5":1,"6":1,"7":0,"8":1,"9":0,"10":0,"11":0,"12":0,"13":0,"14":0,"15":1,"16":1,"17":0,"18":5},"f":{"0":1,"1":0,"2":1,"3":0,"4":1,"5":0},"b":{},"_coverageSchema":"1a1c01bbd47fc00a2c39e90264f33305004495a9","hash":"03819901b5c264fa8ee130d686cd24bf016c5097"}
}
