{"total": {"lines":{"total":181,"covered":129,"skipped":0,"pct":71.27},"statements":{"total":189,"covered":134,"skipped":0,"pct":70.89},"functions":{"total":54,"covered":39,"skipped":0,"pct":72.22},"branches":{"total":41,"covered":22,"skipped":0,"pct":53.65},"branchesTrue":{"total":0,"covered":0,"skipped":0,"pct":100}}
,"/home/erick/Documentos/Trybe Projetos/Front-end/sd-025-a-project-trivia-react-redux/src/App.js": {"lines":{"total":1,"covered":1,"skipped":0,"pct":100},"functions":{"total":1,"covered":1,"skipped":0,"pct":100},"statements":{"total":1,"covered":1,"skipped":0,"pct":100},"branches":{"total":0,"covered":0,"skipped":0,"pct":100}}
,"/home/erick/Documentos/Trybe Projetos/Front-end/sd-025-a-project-trivia-react-redux/src/Routes.js": {"lines":{"total":1,"covered":1,"skipped":0,"pct":100},"functions":{"total":1,"covered":1,"skipped":0,"pct":100},"statements":{"total":1,"covered":1,"skipped":0,"pct":100},"branches":{"total":0,"covered":0,"skipped":0,"pct":100}}
,"/home/erick/Documentos/Trybe Projetos/Front-end/sd-025-a-project-trivia-react-redux/src/components/ButtonSettings.jsx": {"lines":{"total":5,"covered":5,"skipped":0,"pct":100},"functions":{"total":2,"covered":2,"skipped":0,"pct":100},"statements":{"total":5,"covered":5,"skipped":0,"pct":100},"branches":{"total":0,"covered":0,"skipped":0,"pct":100}}
,"/home/erick/Documentos/Trybe Projetos/Front-end/sd-025-a-project-trivia-react-redux/src/components/CategoryOptions.jsx": {"lines":{"total":3,"covered":1,"skipped":0,"pct":33.33},"functions":{"total":1,"covered":0,"skipped":0,"pct":0},"statements":{"total":3,"covered":1,"skipped":0,"pct":33.33},"branches":{"total":0,"covered":0,"skipped":0,"pct":100}}
,"/home/erick/Documentos/Trybe Projetos/Front-end/sd-025-a-project-trivia-react-redux/src/components/Header.jsx": {"lines":{"total":14,"covered":14,"skipped":0,"pct":100},"functions":{"total":5,"covered":5,"skipped":0,"pct":100},"statements":{"total":15,"covered":15,"skipped":0,"pct":100},"branches":{"total":0,"covered":0,"skipped":0,"pct":100}}
,"/home/erick/Documentos/Trybe Projetos/Front-end/sd-025-a-project-trivia-react-redux/src/components/Question.jsx": {"lines":{"total":63,"covered":28,"skipped":0,"pct":44.44},"functions":{"total":18,"covered":7,"skipped":0,"pct":38.88},"statements":{"total":68,"covered":30,"skipped":0,"pct":44.11},"branches":{"total":24,"covered":9,"skipped":0,"pct":37.5}}
,"/home/erick/Documentos/Trybe Projetos/Front-end/sd-025-a-project-trivia-react-redux/src/pages/Feedback.jsx": {"lines":{"total":20,"covered":20,"skipped":0,"pct":100},"functions":{"total":6,"covered":6,"skipped":0,"pct":100},"statements":{"total":21,"covered":21,"skipped":0,"pct":100},"branches":{"total":4,"covered":4,"skipped":0,"pct":100}}
,"/home/erick/Documentos/Trybe Projetos/Front-end/sd-025-a-project-trivia-react-redux/src/pages/Game.jsx": {"lines":{"total":27,"covered":22,"skipped":0,"pct":81.48},"functions":{"total":5,"covered":5,"skipped":0,"pct":100},"statements":{"total":28,"covered":23,"skipped":0,"pct":82.14},"branches":{"total":11,"covered":7,"skipped":0,"pct":63.63}}
,"/home/erick/Documentos/Trybe Projetos/Front-end/sd-025-a-project-trivia-react-redux/src/pages/Login.jsx": {"lines":{"total":17,"covered":17,"skipped":0,"pct":100},"functions":{"total":4,"covered":4,"skipped":0,"pct":100},"statements":{"total":17,"covered":17,"skipped":0,"pct":100},"branches":{"total":2,"covered":2,"skipped":0,"pct":100}}
,"/home/erick/Documentos/Trybe Projetos/Front-end/sd-025-a-project-trivia-react-redux/src/pages/NotFound.jsx": {"lines":{"total":1,"covered":1,"skipped":0,"pct":100},"functions":{"total":1,"covered":1,"skipped":0,"pct":100},"statements":{"total":1,"covered":1,"skipped":0,"pct":100},"branches":{"total":0,"covered":0,"skipped":0,"pct":100}}
,"/home/erick/Documentos/Trybe Projetos/Front-end/sd-025-a-project-trivia-react-redux/src/pages/Ranking.jsx": {"lines":{"total":10,"covered":10,"skipped":0,"pct":100},"functions":{"total":4,"covered":4,"skipped":0,"pct":100},"statements":{"total":10,"covered":10,"skipped":0,"pct":100},"branches":{"total":0,"covered":0,"skipped":0,"pct":100}}
,"/home/erick/Documentos/Trybe Projetos/Front-end/sd-025-a-project-trivia-react-redux/src/pages/Settings.jsx": {"lines":{"total":19,"covered":9,"skipped":0,"pct":47.36},"functions":{"total":6,"covered":3,"skipped":0,"pct":50},"statements":{"total":19,"covered":9,"skipped":0,"pct":47.36},"branches":{"total":0,"covered":0,"skipped":0,"pct":100}}
}
