TN:
SF:src/App.js
FN:4,App
FNF:1
FNH:1
FNDA:13,App
DA:5,13
LF:1
LH:1
BRF:0
BRH:0
end_of_record
TN:
SF:src/Routes.js
FN:11,(anonymous_0)
FNF:1
FNH:1
FNDA:10,(anonymous_0)
DA:12,10
LF:1
LH:1
BRF:0
BRH:0
end_of_record
TN:
SF:src/components/ButtonSettings.jsx
FN:5,(anonymous_0)
FN:10,(anonymous_1)
FNF:2
FNH:2
FNDA:1,(anonymous_0)
FNDA:91,(anonymous_1)
DA:5,13
DA:6,1
DA:7,1
DA:11,91
DA:23,5
LF:5
LH:5
BRF:0
BRH:0
end_of_record
TN:
SF:src/components/CategoryOptions.jsx
FN:5,(anonymous_0)
FNF:1
FNH:0
FNDA:0,(anonymous_0)
DA:6,0
DA:7,0
DA:15,5
LF:3
LH:1
BRF:0
BRH:0
end_of_record
TN:
SF:src/components/Header.jsx
FN:12,(anonymous_0)
FN:16,(anonymous_1)
FN:22,(anonymous_2)
FN:28,(anonymous_3)
FN:54,(anonymous_4)
FNF:5
FNH:5
FNDA:6,(anonymous_0)
FNDA:6,(anonymous_1)
FNDA:6,(anonymous_2)
FNDA:22,(anonymous_3)
FNDA:20,(anonymous_4)
DA:8,6
DA:13,6
DA:16,6
DA:17,6
DA:18,6
DA:19,6
DA:20,6
DA:23,6
DA:24,6
DA:29,22
DA:30,22
DA:31,22
DA:45,5
DA:54,20
LF:14
LH:14
BRF:0
BRH:0
end_of_record
TN:
SF:src/components/Question.jsx
FN:15,(anonymous_0)
FN:20,(anonymous_1)
FN:38,(anonymous_2)
FN:51,(anonymous_3)
FN:52,(anonymous_4)
FN:54,(anonymous_5)
FN:55,(anonymous_6)
FN:57,(anonymous_7)
FN:68,(anonymous_8)
FN:72,(anonymous_9)
FN:86,(anonymous_10)
FN:87,(anonymous_11)
FN:89,(anonymous_12)
FN:92,(anonymous_13)
FN:101,(anonymous_14)
FN:104,(anonymous_15)
FN:110,(anonymous_16)
FN:129,(anonymous_17)
FNF:18
FNH:18
FNDA:1,(anonymous_0)
FNDA:4,(anonymous_1)
FNDA:5,(anonymous_2)
FNDA:5,(anonymous_3)
FNDA:5,(anonymous_4)
FNDA:1,(anonymous_5)
FNDA:1,(anonymous_6)
FNDA:1,(anonymous_7)
FNDA:5,(anonymous_8)
FNDA:23,(anonymous_9)
FNDA:5,(anonymous_10)
FNDA:5,(anonymous_11)
FNDA:5,(anonymous_12)
FNDA:5,(anonymous_13)
FNDA:4,(anonymous_14)
FNDA:4,(anonymous_15)
FNDA:17,(anonymous_16)
FNDA:58,(anonymous_17)
DA:7,1
DA:16,1
DA:17,1
DA:20,1
DA:21,4
DA:22,4
DA:23,4
DA:24,4
DA:26,4
DA:27,4
DA:28,4
DA:30,4
DA:31,2
DA:32,2
DA:33,1
DA:35,1
DA:38,1
DA:39,5
DA:40,5
DA:41,5
DA:43,5
DA:44,4
DA:45,4
DA:46,4
DA:47,4
DA:51,1
DA:52,5
DA:53,5
DA:54,5
DA:55,1
DA:58,1
DA:59,1
DA:60,1
DA:61,1
DA:68,1
DA:69,5
DA:70,5
DA:71,5
DA:72,23
DA:74,5
DA:75,18
DA:76,18
DA:77,18
DA:80,5
DA:86,1
DA:87,5
DA:89,5
DA:92,1
DA:93,5
DA:94,5
DA:95,5
DA:97,5
DA:98,1
DA:101,5
DA:105,4
DA:106,4
DA:111,17
DA:112,17
DA:114,17
DA:130,58
DA:131,12
DA:146,46
DA:182,5
LF:63
LH:63
BRDA:30,0,0,2
BRDA:30,0,1,2
BRDA:32,1,0,1
BRDA:32,1,1,1
BRDA:43,2,0,4
BRDA:43,2,1,1
BRDA:59,3,0,1
BRDA:59,3,1,0
BRDA:59,4,0,1
BRDA:59,4,1,1
BRDA:97,5,0,1
BRDA:97,5,1,4
BRDA:130,6,0,12
BRDA:130,6,1,46
BRDA:136,7,0,12
BRDA:136,7,1,7
BRDA:140,8,0,12
BRDA:140,8,1,5
BRDA:153,9,0,46
BRDA:153,9,1,19
BRDA:155,10,0,46
BRDA:155,10,1,27
BRDA:166,11,0,17
BRDA:166,11,1,7
BRF:24
BRH:23
end_of_record
TN:
SF:src/pages/Feedback.jsx
FN:8,(anonymous_0)
FN:12,(anonymous_1)
FN:28,(anonymous_2)
FN:35,(anonymous_3)
FN:61,(anonymous_4)
FN:85,(anonymous_5)
FNF:6
FNH:6
FNDA:3,(anonymous_0)
FNDA:3,(anonymous_1)
FNDA:1,(anonymous_2)
FNDA:6,(anonymous_3)
FNDA:1,(anonymous_4)
FNDA:7,(anonymous_5)
DA:9,3
DA:12,3
DA:13,3
DA:14,3
DA:19,3
DA:20,3
DA:21,2
DA:23,1
DA:24,1
DA:28,3
DA:29,1
DA:30,1
DA:31,1
DA:32,1
DA:36,6
DA:37,6
DA:38,6
DA:61,1
DA:72,5
DA:85,7
LF:20
LH:20
BRDA:20,0,0,2
BRDA:20,0,1,1
BRDA:45,1,0,2
BRDA:45,1,1,4
BRF:4
BRH:4
end_of_record
TN:
SF:src/pages/Game.jsx
FN:13,(anonymous_0)
FN:17,(anonymous_1)
FN:38,(anonymous_2)
FN:57,(anonymous_3)
FN:81,(anonymous_4)
FNF:5
FNH:5
FNDA:3,(anonymous_0)
FNDA:3,(anonymous_1)
FNDA:3,(anonymous_2)
FNDA:4,(anonymous_3)
FNDA:14,(anonymous_4)
DA:9,3
DA:14,3
DA:17,3
DA:18,3
DA:19,3
DA:20,3
DA:21,3
DA:28,3
DA:29,1
DA:30,1
DA:32,2
DA:38,3
DA:39,3
DA:40,3
DA:41,3
DA:42,3
DA:43,3
DA:45,0
DA:46,0
DA:47,0
DA:48,0
DA:50,0
DA:58,4
DA:59,4
DA:60,4
DA:74,5
DA:81,14
LF:27
LH:22
BRDA:28,0,0,1
BRDA:28,0,1,2
BRDA:42,1,0,3
BRDA:42,1,1,0
BRDA:42,2,0,3
BRDA:42,2,1,2
BRDA:42,2,2,0
BRDA:46,3,0,0
BRDA:46,3,1,0
BRDA:66,4,0,4
BRDA:66,4,1,1
BRF:11
BRH:7
end_of_record
TN:
SF:src/pages/Login.jsx
FN:14,(anonymous_0)
FN:21,(anonymous_1)
FN:26,(anonymous_2)
FN:35,(anonymous_3)
FNF:4
FNH:4
FNDA:78,(anonymous_0)
FNDA:91,(anonymous_1)
FNDA:2,(anonymous_2)
FNDA:91,(anonymous_3)
DA:9,13
DA:14,13
DA:15,78
DA:16,78
DA:21,13
DA:22,91
DA:23,91
DA:26,13
DA:27,2
DA:28,2
DA:29,2
DA:31,2
DA:32,2
DA:36,91
DA:37,91
DA:39,91
DA:75,5
LF:17
LH:17
BRDA:23,0,0,91
BRDA:23,0,1,78
BRF:2
BRH:2
end_of_record
TN:
SF:src/pages/NotFound.jsx
FN:5,(anonymous_0)
FNF:1
FNH:1
FNDA:1,(anonymous_0)
DA:6,1
LF:1
LH:1
BRF:0
BRH:0
end_of_record
TN:
SF:src/pages/Ranking.jsx
FN:7,(anonymous_0)
FN:14,(anonymous_1)
FN:16,(anonymous_2)
FN:21,(anonymous_3)
FNF:4
FNH:4
FNDA:1,(anonymous_0)
FNDA:2,(anonymous_1)
FNDA:1,(anonymous_2)
FNDA:3,(anonymous_3)
DA:7,2
DA:8,1
DA:9,1
DA:10,1
DA:11,1
DA:15,2
DA:16,1
DA:17,2
DA:22,3
DA:41,5
LF:10
LH:10
BRF:0
BRH:0
end_of_record
TN:
SF:src/pages/Settings.jsx
FN:16,(anonymous_0)
FN:20,(anonymous_1)
FN:27,(anonymous_2)
FN:34,(anonymous_3)
FN:43,(anonymous_4)
FN:51,(anonymous_5)
FNF:6
FNH:3
FNDA:1,(anonymous_0)
FNDA:0,(anonymous_1)
FNDA:1,(anonymous_2)
FNDA:0,(anonymous_3)
FNDA:1,(anonymous_4)
FNDA:0,(anonymous_5)
DA:9,1
DA:17,1
DA:20,1
DA:21,0
DA:22,0
DA:27,1
DA:28,1
DA:29,0
DA:34,1
DA:35,0
DA:36,0
DA:37,0
DA:38,0
DA:39,0
DA:40,0
DA:44,1
DA:45,1
DA:51,0
DA:72,5
LF:19
LH:9
BRF:0
BRH:0
end_of_record
